{"/Users/nathan.bridgewater/Documents/Code/Projects/CICD-TS-Microservice/source/handlers.ts": {"path":"/Users/nathan.bridgewater/Documents/Code/Projects/CICD-TS-Microservice/source/handlers.ts","statementMap":{"0":{"start":{"line":3,"column":33},"end":{"line":6,"column":1}},"1":{"start":{"line":4,"column":2},"end":{"line":4,"column":null}},"2":{"start":{"line":5,"column":2},"end":{"line":5,"column":null}},"3":{"start":{"line":3,"column":13},"end":{"line":3,"column":33}}},"fnMap":{"0":{"name":"(anonymous_0)","decl":{"start":{"line":3,"column":33},"end":{"line":3,"column":34}},"loc":{"start":{"line":3,"column":71},"end":{"line":6,"column":1}}}},"branchMap":{},"s":{"0":1,"1":1,"2":1,"3":1},"f":{"0":1},"b":{}}
}
